<?xml version="1.0" encoding="UTF-8"?>
<testng-results ignored="0" total="1" passed="1" failed="0" skipped="0">
  <reporter-output>
  </reporter-output>
  <suite started-at="2026-06-05T17:36:41 BRT" name="Surefire suite" finished-at="2026-06-05T17:36:46 BRT" duration-ms="4919">
    <groups>
    </groups>
    <test started-at="2026-06-05T17:36:41 BRT" name="Surefire test" finished-at="2026-06-05T17:36:46 BRT" duration-ms="4919">
      <class name="com.erickeustaquio.login.LoginTests">
        <test-method is-config="true" signature="setUp()[pri:0, instance:com.erickeustaquio.login.LoginTests@7a69b07]" started-at="2026-06-05T17:36:41 BRT" name="setUp" finished-at="2026-06-05T17:36:44 BRT" duration-ms="2937" status="PASS">
          <reporter-output>
          </reporter-output>
        </test-method> <!-- setUp -->
        <test-method signature="testSuccessfulLogin()[pri:0, instance:com.erickeustaquio.login.LoginTests@7a69b07]" started-at="2026-06-05T17:36:44 BRT" name="testSuccessfulLogin" finished-at="2026-06-05T17:36:46 BRT" duration-ms="1794" status="PASS">
          <reporter-output>
          </reporter-output>
        </test-method> <!-- testSuccessfulLogin -->
        <test-method is-config="true" signature="tearDown()[pri:0, instance:com.erickeustaquio.login.LoginTests@7a69b07]" started-at="2026-06-05T17:36:46 BRT" name="tearDown" finished-at="2026-06-05T17:36:46 BRT" duration-ms="173" status="PASS">
          <reporter-output>
          </reporter-output>
        </test-method> <!-- tearDown -->
      </class> <!-- com.erickeustaquio.login.LoginTests -->
    </test> <!-- Surefire test -->
  </suite> <!-- Surefire suite -->
</testng-results>
